2024-10-30 23:20:57,316 - INFO - 程序开始运行
2024-10-30 23:20:59,219 - INFO - 抓取到的标题: 死亡诗社/DeadPoetsSociety/暴雨骄阳(港)/春风化雨(台)
2024-10-30 23:20:59,222 - INFO - 抓取到的标题: 绿皮书/GreenBook/绿簿旅友(港)/幸福绿皮书(台)
2024-10-30 23:20:59,222 - INFO - 抓取到的标题: 大闹天宫/大闹天宫上下集/TheMonkeyKing
2024-10-30 23:20:59,222 - INFO - 抓取到的标题: 罗马假日/RomanHoliday/金枝玉叶(港)/罗马假期(台)
2024-10-30 23:20:59,222 - INFO - 抓取到的标题: 黑客帝国/TheMatrix/22世纪杀人网络(港)/廿二世纪杀人网络(港)
2024-10-30 23:20:59,222 - INFO - 抓取到的标题: 指环王1：护戒使者/TheLordoftheRings:TheFellowshipoftheRing/指环王1：魔戒再现/指环王I：护戒使者
2024-10-30 23:20:59,223 - INFO - 抓取到的标题: 教父2/TheGodfather:PartII/教父续集(港)/教父II
2024-10-30 23:20:59,223 - INFO - 抓取到的标题: 天堂电影院/NuovoCinemaParadiso/星光伴我心(港)/新天堂乐园(台)
2024-10-30 23:20:59,223 - INFO - 抓取到的标题: 狮子王/TheLionKing/狮子王3D
2024-10-30 23:20:59,223 - INFO - 抓取到的标题: 辩护人/\ubcc0\ud638\uc778/逆权大状(港)/正义辩护人(台)
2024-10-30 23:20:59,223 - INFO - 抓取到的标题: 饮食男女/食男女/EatDrinkManWoman
2024-10-30 23:20:59,223 - INFO - 抓取到的标题: 搏击俱乐部/FightClub/搏击会(港)/斗阵俱乐部(台)
2024-10-30 23:20:59,223 - INFO - 抓取到的标题: 本杰明・巴顿奇事/TheCuriousCaseofBenjaminButton/奇幻逆缘(港)/班杰明的奇幻旅程(台)
2024-10-30 23:20:59,223 - INFO - 抓取到的标题: 美丽心灵/ABeautifulMind/有你终生美丽(港)/美丽境界(台)
2024-10-30 23:20:59,223 - INFO - 抓取到的标题: 穿条纹睡衣的男孩/TheBoyintheStripedPajamas/穿条纹衣服的男孩/穿条纹衣的男孩
2024-10-30 23:20:59,223 - INFO - 抓取到的标题: 窃听风暴/DasLebenderAnderen/窃听者(港)/他人的生活
2024-10-30 23:20:59,223 - INFO - 抓取到的标题: 情书/LoveLetter/WhenICloseMyEyes/LettersofLove
2024-10-30 23:20:59,223 - INFO - 抓取到的标题: 两杆大烟枪/Lock,StockandTwoSmokingBarrels/够姜四小强(港)/两根枪管(台)
2024-10-30 23:20:59,223 - INFO - 抓取到的标题: 音乐之声/TheSoundofMusic/仙乐飘飘处处闻(港)/真善美(台)
2024-10-30 23:20:59,223 - INFO - 抓取到的标题: 看不见的客人/Contratiempo/死无对证(港)/布局(台)
2024-10-30 23:20:59,223 - INFO - 抓取到的标题: 西西里的美丽传说/Malèna/真爱伴我行(台)/玛莲娜
2024-10-30 23:20:59,224 - INFO - 抓取到的标题: 哈利・波特与死亡圣器(下)/HarryPotterandtheDeathlyHallows:Part2/哈利波特7：死神的圣物2(港/台)
2024-10-30 23:20:59,225 - INFO - 抓取到的标题: 阿凡达/Avatar/
2024-10-30 23:20:59,225 - INFO - 抓取到的标题: 拯救大兵瑞恩/SavingPrivateRyan/雷霆救兵(港)/抢救雷恩大兵(台)
2024-10-30 23:20:59,225 - INFO - 抓取到的标题: 功夫/功夫3D/KungFuHustle
2024-10-30 23:20:59,233 - INFO - 抓取到的标题: 肖申克的救赎/TheShawshankRedemption/月黑高飞(港)/刺激1995(台)
2024-10-30 23:20:59,233 - INFO - 抓取到的标题: 霸王别姬/再见，我的妾/FarewellMyConcubine
2024-10-30 23:20:59,233 - INFO - 抓取到的标题: 阿甘正传/ForrestGump/福雷斯特・冈普
2024-10-30 23:20:59,234 - INFO - 抓取到的标题: 泰坦尼克号/Titanic/铁达尼号(港/台)
2024-10-30 23:20:59,234 - INFO - 抓取到的标题: 千与千寻/千と千い紊耠Lし/神隐少女(台)/千与千寻的神隐
2024-10-30 23:20:59,234 - INFO - 抓取到的标题: 美丽人生/Lavitaèbella/一个快乐的传说(港)/LifeIsBeautiful
2024-10-30 23:20:59,234 - INFO - 抓取到的标题: 这个杀手不太冷/Léon/终极追杀令(台)/杀手莱昂
2024-10-30 23:20:59,234 - INFO - 抓取到的标题: 星际穿越/Interstellar/星际启示录(港)/星际效应(台)
2024-10-30 23:20:59,234 - INFO - 抓取到的标题: 盗梦空间/Inception/潜行凶间(港)/全面启动(台)
2024-10-30 23:20:59,234 - INFO - 抓取到的标题: 楚门的世界/TheTrumanShow/真人Show(港)/真人戏
2024-10-30 23:20:59,234 - INFO - 抓取到的标题: 辛德勒的名单/Schindler'sList/舒特拉的名单(港)/辛德勒名单
2024-10-30 23:20:59,234 - INFO - 抓取到的标题: 忠犬八公的故事/Hachi:ADog'sTale/秋田犬八千(港)/忠犬小八(台)
2024-10-30 23:20:59,234 - INFO - 抓取到的标题: 海上钢琴师/Laleggendadelpianistasull'oceano/声光伴我飞(港)/一九零零的传奇
2024-10-30 23:20:59,234 - INFO - 抓取到的标题: 三傻大闹宝莱坞/3Idiots/三个傻瓜(台)/作死不离3兄弟(港)
2024-10-30 23:20:59,234 - INFO - 抓取到的标题: 放牛班的春天/Leschoristes/歌声伴我心(港)/唱诗班男孩
2024-10-30 23:20:59,234 - INFO - 抓取到的标题: 机器人总动员/WALL・E/太空奇兵・威E(港)/瓦力(台)
2024-10-30 23:20:59,234 - INFO - 抓取到的标题: 疯狂动物城/Zootopia/优兽大都会(港)/动物方城市(台)
2024-10-30 23:20:59,234 - INFO - 抓取到的标题: 无间道/og道/InfernalAffairs/Mougaandou
2024-10-30 23:20:59,235 - INFO - 抓取到的标题: 控方证人/WitnessfortheProsecution/雄才伟略/情妇
2024-10-30 23:20:59,235 - INFO - 抓取到的标题: 大话西游之大圣娶亲/西[大Y局之仙履奇/西游记完结篇仙履奇缘/齐天大圣西游记
2024-10-30 23:20:59,235 - INFO - 抓取到的标题: 熔炉/\ub3c4\uac00\ub2c8/无声呐喊(港)/漩涡
2024-10-30 23:20:59,235 - INFO - 抓取到的标题: 教父/TheGodfather/MarioPuzo'sTheGodfather
2024-10-30 23:20:59,235 - INFO - 抓取到的标题: 触不可及/Intouchables/闪亮人生(港)/逆转人生(台)
2024-10-30 23:20:59,235 - INFO - 抓取到的标题: 当幸福来敲门/ThePursuitofHappyness/寻找快乐的故事(港)/追求快乐
2024-10-30 23:20:59,236 - INFO - 抓取到的标题: 寻梦环游记/Coco/玩转极乐园(港)/可可夜总会(台)
2024-10-30 23:21:00,071 - INFO - 抓取到的标题: 末代皇帝/TheLastEmperor/末代皇帝溥仪(港)/L'ultimoimperatore
2024-10-30 23:21:00,071 - INFO - 抓取到的标题: 龙猫/となりのトトロ/邻居托托罗/邻家的豆豆龙
2024-10-30 23:21:00,071 - INFO - 抓取到的标题: 怦然心动/Flipped/萌动青春/青春萌动
2024-10-30 23:21:00,072 - INFO - 抓取到的标题: 哈利・波特与魔法石/HarryPotterandtheSorcerer'sStone/哈利波特1：神秘的魔法石(港/台)
2024-10-30 23:21:00,072 - INFO - 抓取到的标题: 活着/人生/Lifetimes
2024-10-30 23:21:00,072 - INFO - 抓取到的标题: 蝙蝠侠：黑暗骑士/TheDarkKnight/蝙蝠侠前传2：黑暗骑士/黑暗骑士(台)
2024-10-30 23:21:00,072 - INFO - 抓取到的标题: 指环王3：王者无敌/TheLordoftheRings:TheReturnoftheKing/魔戒三部曲：王者再临(台/港)
2024-10-30 23:21:00,072 - INFO - 抓取到的标题: 我不是药神/中国药神/印度药神
2024-10-30 23:21:00,072 - INFO - 抓取到的标题: 乱世佳人/GonewiththeWind/飘
2024-10-30 23:21:00,072 - INFO - 抓取到的标题: 飞屋环游记/Up/冲天救兵(港)/天外奇迹(台)
2024-10-30 23:21:00,072 - INFO - 抓取到的标题: 素媛/\uc18c\uc6d0/许愿/希望：为爱重生(台)
2024-10-30 23:21:00,073 - INFO - 抓取到的标题: 哈尔的移动城堡/ハウルの婴城/哈尔移动城堡(港)/霍尔的移动城堡(台)
2024-10-30 23:21:00,073 - INFO - 抓取到的标题: 让子弹飞/让子弹飞一会儿/火烧云
2024-10-30 23:21:00,073 - INFO - 抓取到的标题: 十二怒汉/12AngryMen/12怒汉/十二怒汉
2024-10-30 23:21:00,073 - INFO - 抓取到的标题: 何以为家/\u0643\u0641\u0631\u0646\u0627\u062d\u0648\u0645/迦百农/星仔打官司(港)
2024-10-30 23:21:00,073 - INFO - 抓取到的标题: 海蒂和爷爷/Heidi/飘零燕(港)/海蒂
2024-10-30 23:21:00,073 - INFO - 抓取到的标题: 猫鼠游戏/CatchMeIfYouCan/逍遥法外/捉智双雄(港)
2024-10-30 23:21:00,073 - INFO - 抓取到的标题: 摔跤吧！爸爸/Dangal/我和我的冠军女儿(台)/打死不离3父女(港)
2024-10-30 23:21:00,073 - INFO - 抓取到的标题: 天空之城/天空の城ラピュタ/天空之城拉普他/空中城堡拉普他
2024-10-30 23:21:00,073 - INFO - 抓取到的标题: 鬼子来了/DevilsontheDoorstep
2024-10-30 23:21:00,073 - INFO - 抓取到的标题: 少年派的奇幻漂流/LifeofPi/少年Pi的奇幻漂流/漂流少年Pi
2024-10-30 23:21:00,073 - INFO - 抓取到的标题: 钢琴家/ThePianist/钢琴战曲(港)/战地琴人(台)
2024-10-30 23:21:00,074 - INFO - 抓取到的标题: 指环王2：双塔奇兵/TheLordoftheRings:TheTwoTowers/魔戒二部曲：双城奇谋/指环王II：双塔
2024-10-30 23:21:00,074 - INFO - 抓取到的标题: 大话西游之月光宝盒/西[第壹佰零壹回之月光盒/西游记101回月光宝盒/齐天大圣东游记
2024-10-30 23:21:00,074 - INFO - 抓取到的标题: 闻香识女人/ScentofaWoman/女人香/女人的芳香
2024-10-30 23:21:01,670 - INFO - 抓取到的评论: 一、标准版 《乔妍的心事》是一部引人深思的电影，它以细腻的情感描绘和出色的演员表现，成功地将观众带入了一个充满悬疑和心理挣扎的故事中。 影片讲述了乔妍，一个外表坚强但内心充满矛盾的女性，她在追求内心自由与平静的过程中，与自己和家人展开了一场心理博弈。乔妍的角... ()
2024-10-30 23:21:06,672 - INFO - 抓取到的评论: 该怎么形容两姐妹呢？ 互相相爱？互相猜忌？又爱又恨？ 其实从预告片能知道乔妍的身份是假的，在娱乐圈这个大染缸里，乔妍每天都守着这个秘密，你们猜她能过得好吗，时常梦魇，自然真情实感的流露是戏中戏还是她想表现出来的一面？ 乔妍，一个女明星。有天她姐姐的到来打碎了这... ()
2024-10-30 23:21:11,678 - INFO - 抓取到的评论: 伊萨克在晚年借助梦境回顾了自己的一生。 他在这一天遇到了两波人，在年轻人身上感受到青春的活力，梦里的初恋和现实的少女有同一张面孔，现实的莎拉的热烈情感表达也许化解了他年轻时恋情失败产生的心结；由那对中年夫妇联想到自己不幸的婚姻，通过梦境直面妻子的出轨和自己内... ()
2024-10-30 23:21:13,691 - INFO - 抓取到的评论: 这是一部完完全全女本位的电影，颠覆了我的想象！什么是女性的困境？是不被祝福和希望的出生，是孤独颠簸的人生，是坎坷挣扎的路程，也是温暖和阳光的未来。 欲买桂花同载酒，终不似，少年游。对于小乔来说，人生从取代姐姐的那一刻起就不再由她做主，她不是乔妍，她又只能是乔... ()
2024-10-30 23:21:17,328 - INFO - 程序开始运行
2024-10-30 23:21:18,885 - INFO - 抓取到的标题: 末代皇帝/TheLastEmperor/末代皇帝溥仪(港)/L'ultimoimperatore
2024-10-30 23:21:18,885 - INFO - 抓取到的标题: 龙猫/となりのトトロ/邻居托托罗/邻家的豆豆龙
2024-10-30 23:21:18,885 - INFO - 抓取到的标题: 怦然心动/Flipped/萌动青春/青春萌动
2024-10-30 23:21:18,885 - INFO - 抓取到的标题: 哈利・波特与魔法石/HarryPotterandtheSorcerer'sStone/哈利波特1：神秘的魔法石(港/台)
2024-10-30 23:21:18,885 - INFO - 抓取到的标题: 活着/人生/Lifetimes
2024-10-30 23:21:18,885 - INFO - 抓取到的标题: 蝙蝠侠：黑暗骑士/TheDarkKnight/蝙蝠侠前传2：黑暗骑士/黑暗骑士(台)
2024-10-30 23:21:18,885 - INFO - 抓取到的标题: 指环王3：王者无敌/TheLordoftheRings:TheReturnoftheKing/魔戒三部曲：王者再临(台/港)
2024-10-30 23:21:18,885 - INFO - 抓取到的标题: 我不是药神/中国药神/印度药神
2024-10-30 23:21:18,886 - INFO - 抓取到的标题: 乱世佳人/GonewiththeWind/飘
2024-10-30 23:21:18,886 - INFO - 抓取到的标题: 飞屋环游记/Up/冲天救兵(港)/天外奇迹(台)
2024-10-30 23:21:18,886 - INFO - 抓取到的标题: 素媛/\uc18c\uc6d0/许愿/希望：为爱重生(台)
2024-10-30 23:21:18,886 - INFO - 抓取到的标题: 哈尔的移动城堡/ハウルの婴城/哈尔移动城堡(港)/霍尔的移动城堡(台)
2024-10-30 23:21:18,886 - INFO - 抓取到的标题: 让子弹飞/让子弹飞一会儿/火烧云
2024-10-30 23:21:18,886 - INFO - 抓取到的标题: 十二怒汉/12AngryMen/12怒汉/十二怒汉
2024-10-30 23:21:18,886 - INFO - 抓取到的标题: 何以为家/\u0643\u0641\u0631\u0646\u0627\u062d\u0648\u0645/迦百农/星仔打官司(港)
2024-10-30 23:21:18,886 - INFO - 抓取到的标题: 海蒂和爷爷/Heidi/飘零燕(港)/海蒂
2024-10-30 23:21:18,886 - INFO - 抓取到的标题: 猫鼠游戏/CatchMeIfYouCan/逍遥法外/捉智双雄(港)
2024-10-30 23:21:18,886 - INFO - 抓取到的标题: 摔跤吧！爸爸/Dangal/我和我的冠军女儿(台)/打死不离3父女(港)
2024-10-30 23:21:18,886 - INFO - 抓取到的标题: 天空之城/天空の城ラピュタ/天空之城拉普他/空中城堡拉普他
2024-10-30 23:21:18,886 - INFO - 抓取到的标题: 鬼子来了/DevilsontheDoorstep
2024-10-30 23:21:18,887 - INFO - 抓取到的标题: 少年派的奇幻漂流/LifeofPi/少年Pi的奇幻漂流/漂流少年Pi
2024-10-30 23:21:18,887 - INFO - 抓取到的标题: 钢琴家/ThePianist/钢琴战曲(港)/战地琴人(台)
2024-10-30 23:21:18,887 - INFO - 抓取到的标题: 指环王2：双塔奇兵/TheLordoftheRings:TheTwoTowers/魔戒二部曲：双城奇谋/指环王II：双塔
2024-10-30 23:21:18,887 - INFO - 抓取到的标题: 大话西游之月光宝盒/西[第壹佰零壹回之月光盒/西游记101回月光宝盒/齐天大圣东游记
2024-10-30 23:21:18,887 - INFO - 抓取到的标题: 闻香识女人/ScentofaWoman/女人香/女人的芳香
2024-10-30 23:21:18,971 - INFO - 抓取到的标题: 死亡诗社/DeadPoetsSociety/暴雨骄阳(港)/春风化雨(台)
2024-10-30 23:21:18,972 - INFO - 抓取到的标题: 绿皮书/GreenBook/绿簿旅友(港)/幸福绿皮书(台)
2024-10-30 23:21:18,972 - INFO - 抓取到的标题: 大闹天宫/大闹天宫上下集/TheMonkeyKing
2024-10-30 23:21:18,972 - INFO - 抓取到的标题: 罗马假日/RomanHoliday/金枝玉叶(港)/罗马假期(台)
2024-10-30 23:21:18,972 - INFO - 抓取到的标题: 黑客帝国/TheMatrix/22世纪杀人网络(港)/廿二世纪杀人网络(港)
2024-10-30 23:21:18,972 - INFO - 抓取到的标题: 指环王1：护戒使者/TheLordoftheRings:TheFellowshipoftheRing/指环王1：魔戒再现/指环王I：护戒使者
2024-10-30 23:21:18,972 - INFO - 抓取到的标题: 教父2/TheGodfather:PartII/教父续集(港)/教父II
2024-10-30 23:21:18,972 - INFO - 抓取到的标题: 天堂电影院/NuovoCinemaParadiso/星光伴我心(港)/新天堂乐园(台)
2024-10-30 23:21:18,972 - INFO - 抓取到的标题: 狮子王/TheLionKing/狮子王3D
2024-10-30 23:21:18,972 - INFO - 抓取到的标题: 辩护人/\ubcc0\ud638\uc778/逆权大状(港)/正义辩护人(台)
2024-10-30 23:21:18,972 - INFO - 抓取到的标题: 饮食男女/食男女/EatDrinkManWoman
2024-10-30 23:21:18,972 - INFO - 抓取到的标题: 搏击俱乐部/FightClub/搏击会(港)/斗阵俱乐部(台)
2024-10-30 23:21:18,972 - INFO - 抓取到的标题: 本杰明・巴顿奇事/TheCuriousCaseofBenjaminButton/奇幻逆缘(港)/班杰明的奇幻旅程(台)
2024-10-30 23:21:18,972 - INFO - 抓取到的标题: 美丽心灵/ABeautifulMind/有你终生美丽(港)/美丽境界(台)
2024-10-30 23:21:18,973 - INFO - 抓取到的标题: 穿条纹睡衣的男孩/TheBoyintheStripedPajamas/穿条纹衣服的男孩/穿条纹衣的男孩
2024-10-30 23:21:18,973 - INFO - 抓取到的标题: 窃听风暴/DasLebenderAnderen/窃听者(港)/他人的生活
2024-10-30 23:21:18,973 - INFO - 抓取到的标题: 情书/LoveLetter/WhenICloseMyEyes/LettersofLove
2024-10-30 23:21:18,973 - INFO - 抓取到的标题: 两杆大烟枪/Lock,StockandTwoSmokingBarrels/够姜四小强(港)/两根枪管(台)
2024-10-30 23:21:18,973 - INFO - 抓取到的标题: 音乐之声/TheSoundofMusic/仙乐飘飘处处闻(港)/真善美(台)
2024-10-30 23:21:18,973 - INFO - 抓取到的标题: 看不见的客人/Contratiempo/死无对证(港)/布局(台)
2024-10-30 23:21:18,973 - INFO - 抓取到的标题: 西西里的美丽传说/Malèna/真爱伴我行(台)/玛莲娜
2024-10-30 23:21:18,973 - INFO - 抓取到的标题: 哈利・波特与死亡圣器(下)/HarryPotterandtheDeathlyHallows:Part2/哈利波特7：死神的圣物2(港/台)
2024-10-30 23:21:18,973 - INFO - 抓取到的标题: 阿凡达/Avatar/
2024-10-30 23:21:18,973 - INFO - 抓取到的标题: 拯救大兵瑞恩/SavingPrivateRyan/雷霆救兵(港)/抢救雷恩大兵(台)
2024-10-30 23:21:18,973 - INFO - 抓取到的标题: 功夫/功夫3D/KungFuHustle
2024-10-30 23:21:19,012 - INFO - 抓取到的标题: 肖申克的救赎/TheShawshankRedemption/月黑高飞(港)/刺激1995(台)
2024-10-30 23:21:19,012 - INFO - 抓取到的标题: 霸王别姬/再见，我的妾/FarewellMyConcubine
2024-10-30 23:21:19,012 - INFO - 抓取到的标题: 阿甘正传/ForrestGump/福雷斯特・冈普
2024-10-30 23:21:19,012 - INFO - 抓取到的标题: 泰坦尼克号/Titanic/铁达尼号(港/台)
2024-10-30 23:21:19,012 - INFO - 抓取到的标题: 千与千寻/千と千い紊耠Lし/神隐少女(台)/千与千寻的神隐
2024-10-30 23:21:19,013 - INFO - 抓取到的标题: 美丽人生/Lavitaèbella/一个快乐的传说(港)/LifeIsBeautiful
2024-10-30 23:21:19,013 - INFO - 抓取到的标题: 这个杀手不太冷/Léon/终极追杀令(台)/杀手莱昂
2024-10-30 23:21:19,013 - INFO - 抓取到的标题: 星际穿越/Interstellar/星际启示录(港)/星际效应(台)
2024-10-30 23:21:19,013 - INFO - 抓取到的标题: 盗梦空间/Inception/潜行凶间(港)/全面启动(台)
2024-10-30 23:21:19,013 - INFO - 抓取到的标题: 楚门的世界/TheTrumanShow/真人Show(港)/真人戏
2024-10-30 23:21:19,013 - INFO - 抓取到的标题: 辛德勒的名单/Schindler'sList/舒特拉的名单(港)/辛德勒名单
2024-10-30 23:21:19,013 - INFO - 抓取到的标题: 忠犬八公的故事/Hachi:ADog'sTale/秋田犬八千(港)/忠犬小八(台)
2024-10-30 23:21:19,014 - INFO - 抓取到的标题: 海上钢琴师/Laleggendadelpianistasull'oceano/声光伴我飞(港)/一九零零的传奇
2024-10-30 23:21:19,014 - INFO - 抓取到的标题: 三傻大闹宝莱坞/3Idiots/三个傻瓜(台)/作死不离3兄弟(港)
2024-10-30 23:21:19,014 - INFO - 抓取到的标题: 放牛班的春天/Leschoristes/歌声伴我心(港)/唱诗班男孩
2024-10-30 23:21:19,015 - INFO - 抓取到的标题: 机器人总动员/WALL・E/太空奇兵・威E(港)/瓦力(台)
2024-10-30 23:21:19,015 - INFO - 抓取到的标题: 疯狂动物城/Zootopia/优兽大都会(港)/动物方城市(台)
2024-10-30 23:21:19,015 - INFO - 抓取到的标题: 无间道/og道/InfernalAffairs/Mougaandou
2024-10-30 23:21:19,015 - INFO - 抓取到的标题: 控方证人/WitnessfortheProsecution/雄才伟略/情妇
2024-10-30 23:21:19,015 - INFO - 抓取到的标题: 大话西游之大圣娶亲/西[大Y局之仙履奇/西游记完结篇仙履奇缘/齐天大圣西游记
2024-10-30 23:21:19,015 - INFO - 抓取到的标题: 熔炉/\ub3c4\uac00\ub2c8/无声呐喊(港)/漩涡
2024-10-30 23:21:19,015 - INFO - 抓取到的标题: 教父/TheGodfather/MarioPuzo'sTheGodfather
2024-10-30 23:21:19,015 - INFO - 抓取到的标题: 触不可及/Intouchables/闪亮人生(港)/逆转人生(台)
2024-10-30 23:21:19,015 - INFO - 抓取到的标题: 当幸福来敲门/ThePursuitofHappyness/寻找快乐的故事(港)/追求快乐
2024-10-30 23:21:19,015 - INFO - 抓取到的标题: 寻梦环游记/Coco/玩转极乐园(港)/可可夜总会(台)
2024-10-30 23:21:20,977 - INFO - 抓取到的评论: 一、标准版 《乔妍的心事》是一部引人深思的电影，它以细腻的情感描绘和出色的演员表现，成功地将观众带入了一个充满悬疑和心理挣扎的故事中。 影片讲述了乔妍，一个外表坚强但内心充满矛盾的女性，她在追求内心自由与平静的过程中，与自己和家人展开了一场心理博弈。乔妍的角... ()
2024-10-30 23:21:23,978 - INFO - 抓取到的评论: 该怎么形容两姐妹呢？ 互相相爱？互相猜忌？又爱又恨？ 其实从预告片能知道乔妍的身份是假的，在娱乐圈这个大染缸里，乔妍每天都守着这个秘密，你们猜她能过得好吗，时常梦魇，自然真情实感的流露是戏中戏还是她想表现出来的一面？ 乔妍，一个女明星。有天她姐姐的到来打碎了这... ()
2024-10-30 23:21:25,987 - INFO - 抓取到的评论: 伊萨克在晚年借助梦境回顾了自己的一生。 他在这一天遇到了两波人，在年轻人身上感受到青春的活力，梦里的初恋和现实的少女有同一张面孔，现实的莎拉的热烈情感表达也许化解了他年轻时恋情失败产生的心结；由那对中年夫妇联想到自己不幸的婚姻，通过梦境直面妻子的出轨和自己内... ()
2024-10-30 23:21:27,000 - INFO - 抓取到的评论: 这是一部完完全全女本位的电影，颠覆了我的想象！什么是女性的困境？是不被祝福和希望的出生，是孤独颠簸的人生，是坎坷挣扎的路程，也是温暖和阳光的未来。 欲买桂花同载酒，终不似，少年游。对于小乔来说，人生从取代姐姐的那一刻起就不再由她做主，她不是乔妍，她又只能是乔... ()
2024-10-30 23:21:28,011 - INFO - 抓取到的评论: 韩国最新同性剧《大都市爱情法》开播后口碑大爆，豆瓣评分从最初的8.7已涨至目前的8.9。这不但是今年最好的亚洲同性剧，而且足以同《以你的心诠释我的爱》并列，成为有史以来最佳亚洲同性剧。 这部剧跟《以你的心诠释我的爱》类似，都是以青春爱恋这样的耽美表达作为切入口，之... ()
2024-10-30 23:21:30,017 - INFO - 抓取到的评论: Travis是德州牛仔，Jane是巴黎女郎，本该在不同世界的两个人却彼此相爱，互相伤害，直到分手离开。四年后当他们再度相逢，Travis意识到自己还是原来的自己，还是有着缺陷，还是会嫉妒猜疑，只不过这次他选择了放手，不是因为不爱了，而是爱的太深了。而Jane,她将承担起母亲的责... ()
2024-10-30 23:21:33,033 - INFO - 抓取到的评论: 如果说“村庄三部曲”是以三部电影间的嵌套来探讨真实与虚构的边界的话，那么在《合法副本》里，阿巴斯在一部片子中就以更精巧的衔尾蛇式的互嵌进行着想法的表达。 法国女人（朱丽叶・比诺什饰）与儿子的互动在影片开头就令人玩味，比起冷淡又尖锐的儿子，妈妈在情绪上似乎更像... ()
2024-10-30 23:21:37,046 - INFO - 抓取到的评论: 全世界只有宋莹用实际行动告诉黄玲，你的价值排序里也应该有你自己 暧暧暖光、昏昏小窗，岁月久久相伴的两位妈妈两位女性，一件衣服一席话让人特别泪目。 黄玲心疼孩子上学路上奔波，将自己珍贵的嫁妆缝纫机，和人交换自行车。送出缝纫机之前，她给宋莹和孩子们都做了衣服，却... ()
2024-10-30 23:21:39,059 - INFO - 抓取到的评论: 导演以一种很极端的方式呈现了一段友谊的破裂，也映射了内战。其实男主两人都有自己的错误之处，但我更同情苏利文，虽然很傻很愚蠢。其实最初的引燃导火索的就是科尔姆，他将自己的平庸无聊归咎于苏利文，将自己的的不甘与愤怒发泄在苏利文身上，而且用了一种十分极端错误的方... ()
2024-10-30 23:21:40,074 - INFO - 抓取到的评论: 仙品公号【暗的光】，欢迎大家 早在今年平遥我就对《女人世界》充满了好奇，导演所表达逐渐勾起我的好奇心，无论是“不同影像表达实现与‘主创’共舞”，亦或者是“尝试从给自身角度来拼凑一副‘华人拼图’”。 在我仍在满怀期待中冒泡时，突然看到了这部电影的厦门路演，感谢... ()
2024-10-30 23:21:41,089 - INFO - 数据已成功保存到 douban_data.csv
2024-10-30 23:21:41,091 - INFO - 程序运行完成, 耗时: 0:00:23.762425
