2024-04-14 01:25:41,924 - INFO - Current players online: 2
2024-04-14 01:25:41,924 - INFO - Joined players: [' 今天可以开摆吗', 'yyyysmzy']
2024-04-14 01:26:42,682 - INFO - Current players online: 2
2024-04-14 01:26:42,682 - INFO - Joined players: [' 今天可以开摆吗', 'yyyysmzy']
2024-04-14 01:27:35,464 - INFO - Player 今天可以开摆吗 joined the server
2024-04-14 01:27:41,850 - INFO - Player  今天可以开摆吗 left the server
2024-04-14 01:27:41,850 - INFO - Current players online: 1
2024-04-14 01:27:41,850 - INFO - Joined players: ['yyyysmzy', '今天可以开摆吗']
2024-04-14 01:27:44,956 - INFO - Player yyyysmzy left the server
2024-04-14 01:28:03,559 - INFO - Player yyyysmzy joined the server
2024-04-14 01:28:09,877 - INFO - Player  今天可以开摆吗 joined the server
2024-04-14 01:28:16,206 - INFO - Player 今天可以开摆吗 left the server
2024-04-14 01:28:16,206 - INFO - Current players online: 2
2024-04-14 01:28:16,206 - INFO - Joined players: ['yyyysmzy', ' 今天可以开摆吗']
2024-04-14 01:35:11,764 - INFO - Player  今天可以开摆吗 left the server
2024-04-14 01:35:11,764 - INFO - Current players online: 1
2024-04-14 01:35:11,764 - INFO - Joined players: ['yyyysmzy']
2024-04-14 01:41:33,740 - INFO - Current players online: 0
2024-04-14 01:41:55,486 - INFO - Player qs_Bu_Jue joined the server
2024-04-14 01:42:01,806 - INFO - Player  yyyysmzy joined the server
2024-04-14 01:42:08,134 - INFO - Current players online: 2
2024-04-14 01:42:08,134 - INFO - Joined players: ['qs_Bu_Jue', ' yyyysmzy']
2024-04-14 01:44:04,540 - INFO - Current players online: 2
2024-04-14 01:44:04,540 - INFO - Joined players: ['qs_Bu_Jue', ' yyyysmzy']
2024-04-14 01:44:24,499 - INFO - Player  yyyysmzy left the server
2024-04-14 01:44:24,499 - INFO - Current players online: 1
2024-04-14 01:44:24,499 - INFO - Joined players: ['qs_Bu_Jue']
2024-04-14 01:45:05,309 - INFO - Player  yyyysmzy joined the server
2024-04-14 01:45:18,622 - INFO - Current players online: 2
2024-04-14 01:45:18,622 - INFO - Joined players: ['qs_Bu_Jue', ' yyyysmzy']
2024-04-14 01:45:59,691 - INFO - Player  yyyysmzy left the server
2024-04-14 01:45:59,691 - INFO - Current players online: 1
2024-04-14 01:45:59,691 - INFO - Joined players: ['qs_Bu_Jue']
2024-04-14 01:46:25,250 - INFO - Player  yyyysmzy joined the server
2024-04-14 01:46:31,566 - INFO - Current players online: 2
2024-04-14 01:46:31,566 - INFO - Joined players: ['qs_Bu_Jue', ' yyyysmzy']
2024-04-14 01:59:15,823 - INFO - Player yyyysmzy joined the server
2024-04-14 01:59:22,115 - INFO - Player qs_Bu_Jue left the server
2024-04-14 01:59:22,115 - INFO - Current players online: 1
2024-04-14 01:59:22,115 - INFO - Joined players: [' yyyysmzy', 'yyyysmzy']
2024-04-14 01:59:23,217 - INFO - Player  yyyysmzy left the server
2024-04-14 02:30:51,825 - INFO - Current players online: 0
2024-04-14 02:40:41,194 - INFO - Player yyyysmzy joined the server
2024-04-14 02:40:47,515 - INFO - Current players online: 1
2024-04-14 02:40:47,515 - INFO - Joined players: ['yyyysmzy']
2024-04-14 02:42:56,840 - INFO - Current players online: 0
2024-04-14 03:01:53,770 - INFO - Player yyyysmzy joined the server
2024-04-14 03:02:00,079 - INFO - Current players online: 1
2024-04-14 03:02:00,079 - INFO - Joined players: ['yyyysmzy']
2024-04-14 03:14:23,127 - INFO - Current players online: 0
2024-04-14 03:14:35,303 - INFO - Player yyyysmzy joined the server
2024-04-14 03:14:41,605 - INFO - Current players online: 1
2024-04-14 03:14:41,605 - INFO - Joined players: ['yyyysmzy']
2024-04-14 03:18:31,559 - INFO - Current players online: 0
2024-04-14 03:19:32,416 - INFO - Player yyyysmzy joined the server
2024-04-14 03:19:38,738 - INFO - Current players online: 1
2024-04-14 03:19:38,738 - INFO - Joined players: ['yyyysmzy']
2024-04-14 03:20:00,872 - INFO - Current players online: 0
2024-04-14 03:21:57,131 - INFO - Player yyyysmzy joined the server
2024-04-14 03:22:03,447 - INFO - Current players online: 1
2024-04-14 03:22:03,447 - INFO - Joined players: ['yyyysmzy']
2024-04-14 03:24:36,136 - INFO - Current players online: 0
2024-04-14 03:26:54,583 - INFO - Player yyyysmzy joined the server
2024-04-14 03:27:00,914 - INFO - Current players online: 1
2024-04-14 03:27:00,914 - INFO - Joined players: ['yyyysmzy']
2024-04-14 03:27:26,406 - INFO - Current players online: 0
2024-04-14 03:30:21,004 - INFO - Player yyyysmzy joined the server
2024-04-14 03:30:27,296 - INFO - Current players online: 1
2024-04-14 03:30:27,296 - INFO - Joined players: ['yyyysmzy']
2024-04-14 03:30:37,235 - INFO - Current players online: 0
2024-04-14 03:32:46,677 - INFO - Player yyyysmzy joined the server
2024-04-14 03:32:52,993 - INFO - Current players online: 1
2024-04-14 03:32:52,993 - INFO - Joined players: ['yyyysmzy']
2024-04-14 03:32:54,100 - INFO - Current players online: 0
2024-04-14 03:36:11,336 - INFO - Player yyyysmzy joined the server
2024-04-14 03:36:17,643 - INFO - Current players online: 1
2024-04-14 03:36:17,643 - INFO - Joined players: ['yyyysmzy']
2024-04-14 03:36:33,132 - INFO - Current players online: 0
2024-04-14 03:36:48,595 - INFO - Player yyyysmzy joined the server
2024-04-14 03:36:54,894 - INFO - Current players online: 1
2024-04-14 03:36:54,894 - INFO - Joined players: ['yyyysmzy']
2024-04-14 03:37:52,286 - INFO - Current players online: 0
2024-04-14 03:38:03,308 - INFO - Player yyyysmzy joined the server
2024-04-14 03:38:09,615 - INFO - Current players online: 1
2024-04-14 03:38:09,615 - INFO - Joined players: ['yyyysmzy']
2024-04-14 03:38:10,733 - INFO - Current players online: 0
2024-04-14 03:38:47,214 - INFO - Player yyyysmzy joined the server
2024-04-14 03:38:53,510 - INFO - Current players online: 1
2024-04-14 03:38:53,510 - INFO - Joined players: ['yyyysmzy']
2024-04-14 03:39:05,667 - INFO - Current players online: 0
2024-04-14 03:40:05,430 - INFO - Player yyyysmzy joined the server
2024-04-14 03:40:11,724 - INFO - Current players online: 1
2024-04-14 03:40:11,724 - INFO - Joined players: ['yyyysmzy']
2024-04-14 03:40:12,830 - INFO - Current players online: 0
2024-04-14 03:41:44,617 - INFO - Player yyyysmzy joined the server
2024-04-14 03:41:50,941 - INFO - Current players online: 1
2024-04-14 03:41:50,941 - INFO - Joined players: ['yyyysmzy']
2024-04-14 03:42:15,469 - INFO - Current players online: 0
2024-04-14 03:45:09,976 - INFO - Player yyyysmzy joined the server
2024-04-14 03:45:16,267 - INFO - Current players online: 1
2024-04-14 03:45:16,267 - INFO - Joined players: ['yyyysmzy']
2024-04-14 03:45:32,840 - INFO - Current players online: 0
2024-04-14 03:45:50,552 - INFO - Player yyyysmzy joined the server
2024-04-14 03:45:56,862 - INFO - Current players online: 1
2024-04-14 03:45:56,862 - INFO - Joined players: ['yyyysmzy']
